<?xml version="1.0" encoding="UTF-8" ?>
<testsuite failures="0" time="2.332" errors="0" skipped="0" tests="2" name="TestClass">
  <properties>
    <property name="java.runtime.name" value="Java(TM) SE Runtime Environment"/>
    <property name="sun.boot.library.path" value="C:\Program Files\Java\jdk1.6.0_33\jre\bin"/>
    <property name="java.vm.version" value="20.8-b03"/>
    <property name="java.vm.vendor" value="Sun Microsystems Inc."/>
    <property name="java.vendor.url" value="http://java.sun.com/"/>
    <property name="path.separator" value=";"/>
    <property name="java.vm.name" value="Java HotSpot(TM) Client VM"/>
    <property name="file.encoding.pkg" value="sun.io"/>
    <property name="user.country" value="IN"/>
    <property name="sun.java.launcher" value="SUN_STANDARD"/>
    <property name="sun.os.patch.level" value="Service Pack 2"/>
    <property name="java.vm.specification.name" value="Java Virtual Machine Specification"/>
    <property name="user.dir" value="C:\Java practice\workspace\WebService"/>
    <property name="java.runtime.version" value="1.6.0_33-b03"/>
    <property name="java.awt.graphicsenv" value="sun.awt.Win32GraphicsEnvironment"/>
    <property name="basedir" value="C:\Java practice\workspace\WebService"/>
    <property name="java.endorsed.dirs" value="C:\Program Files\Java\jdk1.6.0_33\jre\lib\endorsed"/>
    <property name="os.arch" value="x86"/>
    <property name="surefire.real.class.path" value="C:\Users\RPS\AppData\Local\Temp\surefirebooter5387201953812526671.jar"/>
    <property name="java.io.tmpdir" value="C:\Users\RPS\AppData\Local\Temp\"/>
    <property name="line.separator" value="
"/>
    <property name="java.vm.specification.vendor" value="Sun Microsystems Inc."/>
    <property name="user.variant" value=""/>
    <property name="os.name" value="Windows Vista"/>
    <property name="sun.jnu.encoding" value="Cp1252"/>
    <property name="java.library.path" value="C:\Program Files\Java\jdk1.6.0_33\jre\bin;C:\Windows\Sun\Java\bin;C:\Windows\system32;C:\Windows;C:\ProgramData\Oracle\Java\javapath;C:\oraclexe\app\oracle\product\10.2.0\server\bin;C:\Windows\system32;C:\Windows;C:\Windows\System32\Wbem;C:\Java practice\apache-ant-1.8.4-bin\apache-ant-1.8.4/bin;C:\Program Files\QuickTime\QTSystem\;C:\Program Files\nodejs\;C:\Java practice\apache-ant-1.8.4-bin\apache-ant-1.8.4\bin;C:\Java practice\apache-maven-2.2.1\bin;C:\Users\RPS\AppData\Roaming\npm;."/>
    <property name="surefire.test.class.path" value="C:\Java practice\workspace\WebService\WebContent\WEB-INF\classes;C:\Java practice\maven_repo\junit\junit\4.10\junit-4.10.jar;C:\Java practice\maven_repo\org\hamcrest\hamcrest-core\1.1\hamcrest-core-1.1.jar;C:\Java practice\maven_repo\org\springframework\spring-core\3.0.5.RELEASE\spring-core-3.0.5.RELEASE.jar;C:\Java practice\maven_repo\org\springframework\spring-asm\3.0.5.RELEASE\spring-asm-3.0.5.RELEASE.jar;C:\Java practice\maven_repo\org\springframework\spring-web\3.0.5.RELEASE\spring-web-3.0.5.RELEASE.jar;C:\Java practice\maven_repo\aopalliance\aopalliance\1.0\aopalliance-1.0.jar;C:\Java practice\maven_repo\org\springframework\spring-beans\3.0.5.RELEASE\spring-beans-3.0.5.RELEASE.jar;C:\Java practice\maven_repo\org\springframework\spring-context\3.0.5.RELEASE\spring-context-3.0.5.RELEASE.jar;C:\Java practice\maven_repo\org\springframework\spring-aop\3.0.5.RELEASE\spring-aop-3.0.5.RELEASE.jar;C:\Java practice\maven_repo\org\springframework\spring-expression\3.0.5.RELEASE\spring-expression-3.0.5.RELEASE.jar;C:\Java practice\maven_repo\org\springframework\spring-webmvc\3.0.5.RELEASE\spring-webmvc-3.0.5.RELEASE.jar;C:\Java practice\maven_repo\org\springframework\spring-context-support\3.0.5.RELEASE\spring-context-support-3.0.5.RELEASE.jar;C:\Java practice\maven_repo\commons-logging\commons-logging\1.1.1\commons-logging-1.1.1.jar;C:\Java practice\maven_repo\org\codehaus\jackson\jackson-mapper-asl\1.9.7\jackson-mapper-asl-1.9.7.jar;C:\Java practice\maven_repo\org\codehaus\jackson\jackson-core-asl\1.9.7\jackson-core-asl-1.9.7.jar;"/>
    <property name="java.specification.name" value="Java Platform API Specification"/>
    <property name="java.class.version" value="50.0"/>
    <property name="sun.management.compiler" value="HotSpot Client Compiler"/>
    <property name="os.version" value="6.0"/>
    <property name="user.home" value="C:\Users\RPS"/>
    <property name="user.timezone" value=""/>
    <property name="java.awt.printerjob" value="sun.awt.windows.WPrinterJob"/>
    <property name="java.specification.version" value="1.6"/>
    <property name="file.encoding" value="Cp1252"/>
    <property name="user.name" value="RPS"/>
    <property name="java.class.path" value="C:\Java practice\workspace\WebService\WebContent\WEB-INF\classes;C:\Java practice\maven_repo\junit\junit\4.10\junit-4.10.jar;C:\Java practice\maven_repo\org\hamcrest\hamcrest-core\1.1\hamcrest-core-1.1.jar;C:\Java practice\maven_repo\org\springframework\spring-core\3.0.5.RELEASE\spring-core-3.0.5.RELEASE.jar;C:\Java practice\maven_repo\org\springframework\spring-asm\3.0.5.RELEASE\spring-asm-3.0.5.RELEASE.jar;C:\Java practice\maven_repo\org\springframework\spring-web\3.0.5.RELEASE\spring-web-3.0.5.RELEASE.jar;C:\Java practice\maven_repo\aopalliance\aopalliance\1.0\aopalliance-1.0.jar;C:\Java practice\maven_repo\org\springframework\spring-beans\3.0.5.RELEASE\spring-beans-3.0.5.RELEASE.jar;C:\Java practice\maven_repo\org\springframework\spring-context\3.0.5.RELEASE\spring-context-3.0.5.RELEASE.jar;C:\Java practice\maven_repo\org\springframework\spring-aop\3.0.5.RELEASE\spring-aop-3.0.5.RELEASE.jar;C:\Java practice\maven_repo\org\springframework\spring-expression\3.0.5.RELEASE\spring-expression-3.0.5.RELEASE.jar;C:\Java practice\maven_repo\org\springframework\spring-webmvc\3.0.5.RELEASE\spring-webmvc-3.0.5.RELEASE.jar;C:\Java practice\maven_repo\org\springframework\spring-context-support\3.0.5.RELEASE\spring-context-support-3.0.5.RELEASE.jar;C:\Java practice\maven_repo\commons-logging\commons-logging\1.1.1\commons-logging-1.1.1.jar;C:\Java practice\maven_repo\org\codehaus\jackson\jackson-mapper-asl\1.9.7\jackson-mapper-asl-1.9.7.jar;C:\Java practice\maven_repo\org\codehaus\jackson\jackson-core-asl\1.9.7\jackson-core-asl-1.9.7.jar;"/>
    <property name="java.vm.specification.version" value="1.0"/>
    <property name="sun.arch.data.model" value="32"/>
    <property name="java.home" value="C:\Program Files\Java\jdk1.6.0_33\jre"/>
    <property name="sun.java.command" value="C:\Users\RPS\AppData\Local\Temp\surefirebooter5387201953812526671.jar C:\Users\RPS\AppData\Local\Temp\surefire5804036961675527596tmp C:\Users\RPS\AppData\Local\Temp\surefire4411958829054732836tmp"/>
    <property name="java.specification.vendor" value="Sun Microsystems Inc."/>
    <property name="user.language" value="en"/>
    <property name="awt.toolkit" value="sun.awt.windows.WToolkit"/>
    <property name="java.vm.info" value="mixed mode, sharing"/>
    <property name="java.version" value="1.6.0_33"/>
    <property name="java.ext.dirs" value="C:\Program Files\Java\jdk1.6.0_33\jre\lib\ext;C:\Windows\Sun\Java\lib\ext"/>
    <property name="sun.boot.class.path" value="C:\Program Files\Java\jdk1.6.0_33\jre\lib\resources.jar;C:\Program Files\Java\jdk1.6.0_33\jre\lib\rt.jar;C:\Program Files\Java\jdk1.6.0_33\jre\lib\sunrsasign.jar;C:\Program Files\Java\jdk1.6.0_33\jre\lib\jsse.jar;C:\Program Files\Java\jdk1.6.0_33\jre\lib\jce.jar;C:\Program Files\Java\jdk1.6.0_33\jre\lib\charsets.jar;C:\Program Files\Java\jdk1.6.0_33\jre\lib\modules\jdk.boot.jar;C:\Program Files\Java\jdk1.6.0_33\jre\classes"/>
    <property name="java.vendor" value="Sun Microsystems Inc."/>
    <property name="localRepository" value="C:\Java practice\maven_repo"/>
    <property name="file.separator" value="\"/>
    <property name="java.vendor.url.bug" value="http://java.sun.com/cgi-bin/bugreport.cgi"/>
    <property name="sun.cpu.endian" value="little"/>
    <property name="sun.io.unicode.encoding" value="UnicodeLittle"/>
    <property name="sun.desktop" value="windows"/>
    <property name="sun.cpu.isalist" value="pentium_pro+mmx pentium_pro pentium+mmx pentium i486 i386 i86"/>
  </properties>
  <testcase time="1.166" classname="TestClass" name="testGet"/>
  <testcase time="1.137" classname="TestClass" name="testPost"/>
</testsuite>